<?xml version="1.0" encoding="UTF-8"?>
<!-- Generated by org.testng.reporters.JUnitReportReporter -->
<testsuite hostname="LAPTOP-D50OG6CL" failures="0" tests="4" name="com.mits.testng.TestNG2" time="0.012" errors="0" timestamp="2022-10-07T16:40:34 IST" skipped="0">
  <testcase classname="com.mits.testng.TestNG2" name="a_method" time="0.008"/>
  <system-out/>
  <testcase classname="com.mits.testng.TestNG2" name="c_method" time="0.002"/>
  <system-out/>
  <testcase classname="com.mits.testng.TestNG2" name="d_method" time="0.001"/>
  <system-out/>
  <testcase classname="com.mits.testng.TestNG2" name="b_method" time="0.001"/>
  <system-out/>
</testsuite> <!-- com.mits.testng.TestNG2 -->
