<?xml version="1.0" encoding="UTF-8"?>
<!-- Generated by org.testng.reporters.JUnitReportReporter -->
<testsuite hostname="LAPTOP-D50OG6CL" failures="0" tests="3" name="com.mits.testng.TestNG4" time="0.011" errors="0" timestamp="2022-10-07T16:39:19 IST" skipped="0">
  <testcase classname="com.mits.testng.TestNG4" name="b_test" time="0.009"/>
  <system-out/>
  <testcase classname="com.mits.testng.TestNG4" name="a_test" time="0.001"/>
  <system-out/>
  <testcase classname="com.mits.testng.TestNG4" name="c_test" time="0.001"/>
  <system-out/>
</testsuite> <!-- com.mits.testng.TestNG4 -->
