<?xml version="1.0" encoding="UTF-8"?>
<!-- Generated by org.testng.reporters.JUnitReportReporter -->
<testsuite hostname="LAPTOP-D50OG6CL" failures="0" tests="1" name="com.mits.testng.TestNG" time="0.007" errors="0" timestamp="2022-10-07T16:37:50 IST" skipped="0">
  <testcase classname="com.mits.testng.TestNG" name="testCase1" time="0.007"/>
  <system-out/>
</testsuite> <!-- com.mits.testng.TestNG -->
